  Attack_Obj.cpp
  Generating Code...
  Compiling...
  Source.cpp
c:\users\natango\documents\github\despot_vsglobalactions\retrieve_backupsarsop_data\source.cpp(49): warning C4267: '=': conversion from 'size_t' to 'int', possible loss of data
c:\users\natango\documents\github\despot_vsglobalactions\retrieve_backupsarsop_data\source.cpp(50): warning C4267: '=': conversion from 'size_t' to 'int', possible loss of data
c:\users\natango\documents\github\despot_vsglobalactions\retrieve_backupsarsop_data\source.cpp(51): warning C4267: '=': conversion from 'size_t' to 'int', possible loss of data
c:\users\natango\documents\github\despot_vsglobalactions\retrieve_backupsarsop_data\source.cpp(52): warning C4267: '=': conversion from 'size_t' to 'int', possible loss of data
c:\users\natango\documents\github\despot_vsglobalactions\retrieve_backupsarsop_data\source.cpp(81): warning C4267: '=': conversion from 'size_t' to 'int', possible loss of data
  Self_Obj.cpp
  POMDP_Writer.cpp
c:\users\natango\documents\github\despot_vsglobalactions\src\pomdp_writer.cpp(788): warning C4554: '|': check operator precedence for possible error; use parentheses to clarify precedence
c:\users\natango\documents\github\despot_vsglobalactions\src\pomdp_writer.cpp(827): warning C4244: 'initializing': conversion from 'double' to 'int', possible loss of data
c:\users\natango\documents\github\despot_vsglobalactions\src\pomdp_writer.cpp(835): warning C4244: 'initializing': conversion from 'double' to 'int', possible loss of data
c:\users\natango\documents\github\despot_vsglobalactions\src\pomdp_writer.cpp(845): warning C4244: 'argument': conversion from 'double' to 'int', possible loss of data
c:\users\natango\documents\github\despot_vsglobalactions\src\pomdp_writer.cpp(846): warning C4244: 'argument': conversion from 'double' to 'int', possible loss of data
c:\users\natango\documents\github\despot_vsglobalactions\src\pomdp_writer.cpp(848): warning C4244: 'initializing': conversion from 'double' to 'int', possible loss of data
c:\users\natango\documents\github\despot_vsglobalactions\src\pomdp_writer.cpp(849): warning C4244: 'initializing': conversion from 'double' to 'int', possible loss of data
c:\users\natango\documents\github\despot_vsglobalactions\src\pomdp_writer.cpp(994): warning C4554: '&': check operator precedence for possible error; use parentheses to clarify precedence
c:\users\natango\documents\github\despot_vsglobalactions\src\pomdp_writer.cpp(1059): warning C4554: '&': check operator precedence for possible error; use parentheses to clarify precedence
c:\users\natango\documents\github\despot_vsglobalactions\src\pomdp_writer.cpp(1068): warning C4554: '&': check operator precedence for possible error; use parentheses to clarify precedence
c:\users\natango\documents\github\despot_vsglobalactions\src\pomdp_writer.cpp(1253): warning C4244: 'return': conversion from '__int64' to 'int', possible loss of data
c:\users\natango\documents\github\despot_vsglobalactions\src\pomdp_writer.cpp(1264): warning C4267: 'return': conversion from 'size_t' to 'int', possible loss of data
c:\users\natango\documents\github\despot_vsglobalactions\src\pomdp_writer.cpp(1269): warning C4267: 'return': conversion from 'size_t' to 'int', possible loss of data
c:\users\natango\documents\github\despot_vsglobalactions\src\pomdp_writer.cpp(1274): warning C4267: 'return': conversion from 'size_t' to 'int', possible loss of data
c:\users\natango\documents\github\despot_vsglobalactions\src\pomdp_writer.cpp(1279): warning C4267: 'return': conversion from 'size_t' to 'int', possible loss of data
c:\users\natango\documents\github\despot_vsglobalactions\src\pomdp_writer.cpp(1308): warning C4244: 'return': conversion from 'double' to 'int', possible loss of data
c:\users\natango\documents\github\despot_vsglobalactions\src\pomdp_writer.cpp(1329): warning C4244: 'return': conversion from 'double' to 'int', possible loss of data
c:\users\natango\documents\github\despot_vsglobalactions\src\pomdp_writer.cpp(1366): warning C4267: 'initializing': conversion from 'size_t' to 'int', possible loss of data
c:\users\natango\documents\github\despot_vsglobalactions\src\pomdp_writer.cpp(1373): warning C4267: '=': conversion from 'size_t' to 'int', possible loss of data
c:\users\natango\documents\github\despot_vsglobalactions\src\pomdp_writer.cpp(1380): warning C4267: '=': conversion from 'size_t' to 'int', possible loss of data
  MapOfPomdp.cpp
c:\users\natango\documents\github\despot_vsglobalactions\src\mapofpomdp.cpp(66): warning C4267: 'initializing': conversion from 'size_t' to 'int', possible loss of data
c:\users\natango\documents\github\despot_vsglobalactions\src\mapofpomdp.cpp(74): warning C4267: 'initializing': conversion from 'size_t' to 'int', possible loss of data
  Attacks.cpp
c:\users\natango\documents\github\despot_vsglobalactions\src\attacks.cpp(55): warning C4244: '+=': conversion from 'double' to 'int', possible loss of data
c:\users\natango\documents\github\despot_vsglobalactions\src\attacks.cpp(56): warning C4244: '+=': conversion from 'double' to 'int', possible loss of data
c:\users\natango\documents\github\despot_vsglobalactions\src\attacks.cpp(195): warning C4244: 'initializing': conversion from 'double' to 'int', possible loss of data
c:\program files (x86)\microsoft visual studio\2017\community\vc\tools\msvc\14.10.25017\include\utility(140): warning C4244: 'initializing': conversion from 'const double' to 'int', possible loss of data
  c:\users\natango\documents\github\despot_vsglobalactions\src\attacks.cpp(54): note: see reference to function template instantiation 'std::pair<int,int>::pair<double,double,void,0>(const std::pair<double,double> &)' being compiled
  c:\users\natango\documents\github\despot_vsglobalactions\src\attacks.cpp(54): note: see reference to function template instantiation 'std::pair<int,int>::pair<double,double,void,0>(const std::pair<double,double> &)' being compiled
c:\program files (x86)\microsoft visual studio\2017\community\vc\tools\msvc\14.10.25017\include\utility(158): warning C4244: '=': conversion from 'const double' to 'int', possible loss of data
  c:\users\natango\documents\github\despot_vsglobalactions\src\attacks.cpp(190): note: see reference to function template instantiation 'std::pair<int,int> &std::pair<int,int>::operator =<double,double>(const std::pair<double,double> &)' being compiled
  c:\users\natango\documents\github\despot_vsglobalactions\src\attacks.cpp(190): note: see reference to function template instantiation 'std::pair<int,int> &std::pair<int,int>::operator =<double,double>(const std::pair<double,double> &)' being compiled
c:\program files (x86)\microsoft visual studio\2017\community\vc\tools\msvc\14.10.25017\include\utility(159): warning C4244: '=': conversion from 'const double' to 'int', possible loss of data
c:\program files (x86)\microsoft visual studio\2017\community\vc\tools\msvc\14.10.25017\include\utility(217): warning C4267: 'initializing': conversion from 'size_t' to 'int', possible loss of data
  c:\program files (x86)\microsoft visual studio\2017\community\vc\tools\msvc\14.10.25017\include\xmemory0(840): note: see reference to function template instantiation 'std::pair<double,int>::pair<double,unsigned __int64,void,0>(std::pair<double,unsigned __int64> &&) noexcept' being compiled
  c:\program files (x86)\microsoft visual studio\2017\community\vc\tools\msvc\14.10.25017\include\xmemory0(840): note: see reference to function template instantiation 'std::pair<double,int>::pair<double,unsigned __int64,void,0>(std::pair<double,unsigned __int64> &&) noexcept' being compiled
  c:\program files (x86)\microsoft visual studio\2017\community\vc\tools\msvc\14.10.25017\include\xmemory0(959): note: see reference to function template instantiation 'void std::allocator<_Ty>::construct<_Objty,std::pair<double,unsigned __int64>>(_Objty *,std::pair<double,unsigned __int64> &&)' being compiled
          with
          [
              _Ty=std::pair<double,int>,
              _Objty=std::pair<double,int>
          ]
  c:\program files (x86)\microsoft visual studio\2017\community\vc\tools\msvc\14.10.25017\include\xmemory0(959): note: see reference to function template instantiation 'void std::allocator<_Ty>::construct<_Objty,std::pair<double,unsigned __int64>>(_Objty *,std::pair<double,unsigned __int64> &&)' being compiled
          with
          [
              _Ty=std::pair<double,int>,
              _Objty=std::pair<double,int>
          ]
  c:\program files (x86)\microsoft visual studio\2017\community\vc\tools\msvc\14.10.25017\include\xmemory0(1097): note: see reference to function template instantiation 'void std::allocator_traits<_Alloc>::construct<_Ty,std::pair<double,unsigned __int64>>(std::allocator<_Ty> &,_Objty *,std::pair<double,unsigned __int64> &&)' being compiled
          with
          [
              _Alloc=std::allocator<std::pair<double,int>>,
              _Ty=std::pair<double,int>,
              _Objty=std::pair<double,int>
          ]
  c:\program files (x86)\microsoft visual studio\2017\community\vc\tools\msvc\14.10.25017\include\xmemory0(1096): note: see reference to function template instantiation 'void std::allocator_traits<_Alloc>::construct<_Ty,std::pair<double,unsigned __int64>>(std::allocator<_Ty> &,_Objty *,std::pair<double,unsigned __int64> &&)' being compiled
          with
          [
              _Alloc=std::allocator<std::pair<double,int>>,
              _Ty=std::pair<double,int>,
              _Objty=std::pair<double,int>
          ]
  c:\program files (x86)\microsoft visual studio\2017\community\vc\tools\msvc\14.10.25017\include\vector(928): note: see reference to function template instantiation 'void std::_Wrap_alloc<std::allocator<_Ty>>::construct<_Ty,std::pair<double,unsigned __int64>>(_Ty *,std::pair<double,unsigned __int64> &&)' being compiled
          with
          [
              _Ty=std::pair<double,int>
          ]
  c:\program files (x86)\microsoft visual studio\2017\community\vc\tools\msvc\14.10.25017\include\vector(928): note: see reference to function template instantiation 'void std::_Wrap_alloc<std::allocator<_Ty>>::construct<_Ty,std::pair<double,unsigned __int64>>(_Ty *,std::pair<double,unsigned __int64> &&)' being compiled
          with
          [
              _Ty=std::pair<double,int>
          ]
  c:\users\natango\documents\github\despot_vsglobalactions\src\attacks.cpp(275): note: see reference to function template instantiation 'void std::vector<std::pair<double,int>,std::allocator<_Ty>>::emplace_back<std::pair<double,unsigned __int64>>(std::pair<double,unsigned __int64> &&)' being compiled
          with
          [
              _Ty=std::pair<double,int>
          ]
  c:\users\natango\documents\github\despot_vsglobalactions\src\attacks.cpp(275): note: see reference to function template instantiation 'void std::vector<std::pair<double,int>,std::allocator<_Ty>>::emplace_back<std::pair<double,unsigned __int64>>(std::pair<double,unsigned __int64> &&)' being compiled
          with
          [
              _Ty=std::pair<double,int>
          ]
  Generating Code...
  retrieve_backupSARSOP_Data.vcxproj -> C:\Users\natango\Documents\GitHub\Despot_vsGlobalActions\x64\Debug\retrieve_backupSARSOP_Data.exe
  retrieve_backupSARSOP_Data.vcxproj -> C:\Users\natango\Documents\GitHub\Despot_vsGlobalActions\x64\Debug\retrieve_backupSARSOP_Data.pdb (Partial PDB)
